Namespace(M=1, batch_size=0, burn_in=1000, compare_baseline=0, data_dir='./data', dataset='MNIST', extractor='raw_feature', gpu=6, how_much_retrain=0, lam=1e-06, num_removes=1000, num_steps=10000, paint_unlearning_sigma=0, paint_utility_epsilon=0, paint_utility_s=0, projection=20.0, result_dir='./result', search_batch=1, search_burnin=0, sequential=0, sigma=0.03, train_mode='binary')
Extracted features not found, loading raw features.
number training data:11264
L smooth constant0.261264
m strongly convex:0.011264
M lipschitz constant:1
step size eta:7.655092167309695
RDP constant delta:8.87784090909091e-05
weight projection radius: 20.0
batch size: 0
> /scratch3/wang5272/SGD_unlearning/main_sgd.py(92)get_metadata()
-> print('have shuffled batch idx')
(Pdb) 
Traceback (most recent call last):
  File "main_sgd.py", line 529, in <module>
    main()
  File "main_sgd.py", line 519, in main
    runner.get_metadata()
  File "main_sgd.py", line 92, in get_metadata
    print('have shuffled batch idx')
  File "main_sgd.py", line 92, in get_metadata
    print('have shuffled batch idx')
  File "/homes/wang5272/scratch/anaconda3/envs/eda/lib/python3.8/bdb.py", line 88, in trace_dispatch
    return self.dispatch_line(frame)
  File "/homes/wang5272/scratch/anaconda3/envs/eda/lib/python3.8/bdb.py", line 113, in dispatch_line
    if self.quitting: raise BdbQuit
bdb.BdbQuit
