Namespace(M=1, batch_size=0, burn_in=1000, compare_baseline=0, data_dir='./data', dataset='CIFAR10', extractor='raw_feature', gpu=5, how_much_retrain=0, lam=1e-06, num_removes=1000, num_steps=10000, paint_unlearning_sigma=1, paint_utility_epsilon=0, paint_utility_s=0, projection=20.0, result_dir='./result', search_batch=0, search_burnin=0, sequential=0, sigma=0.01, train_mode='binary')
Extracted features not found, loading raw features.
number training data:9728
L smooth constant0.259728
m strongly convex:0.009727999999999999
M lipschitz constant:1
step size eta:7.700363457155177
RDP constant delta:0.00010279605263157894
weight projection radius: 20.0
batch size: 0
have shuffled batch idx
working on batch size 32
  0%|          | 0/99 [00:00<?, ?it/s]100%|██████████| 99/99 [00:00<00:00, 1795.83it/s]
batch size: 32sigma: 0.05 k list: [0 1 1 1 1 1 1 1 1 1 1 1 1 1 1 1 1 1 1 1 1 1 1 1 1 1 1 1 1 1 1 1 1 1 1 1 1
 1 1 1 1 1 1 1 1 1 1 1 1 1 1 1 1 1 1 1 1 1 1 1 1 1 1 1 1 1 1 1 1 1 1 1 1 1
 1 1 1 1 1 1 1 1 1 1 1 1 1 1 1 1 1 1 1 1 1 1 1 1 1 1 1] zb list: [6.42475329 6.42475329 6.42475329 6.42475329 6.42475329 6.42475329
 6.42475329 6.42475329 6.42475329 6.42475329 6.42475329 6.42475329
 6.42475329 6.42475329 6.42475329 6.42475329 6.42475329 6.42475329
 6.42475329 6.42475329 6.42475329 6.42475329 6.42475329 6.42475329
 6.42475329 6.42475329 6.42475329 6.42475329 6.42475329 6.42475329
 6.42475329 6.42475329 6.42475329 6.42475329 6.42475329 6.42475329
 6.42475329 6.42475329 6.42475329 6.42475329 6.42475329 6.42475329
 6.42475329 6.42475329 6.42475329 6.42475329 6.42475329 6.42475329
 6.42475329 6.42475329 6.42475329 6.42475329 6.42475329 6.42475329
 6.42475329 6.42475329 6.42475329 6.42475329 6.42475329 6.42475329
 6.42475329 6.42475329 6.42475329 6.42475329 6.42475329 6.42475329
 6.42475329 6.42475329 6.42475329 6.42475329 6.42475329 6.42475329
 6.42475329 6.42475329 6.42475329 6.42475329 6.42475329 6.42475329
 6.42475329 6.42475329 6.42475329 6.42475329 6.42475329 6.42475329
 6.42475329 6.42475329 6.42475329 6.42475329 6.42475329 6.42475329
 6.42475329 6.42475329 6.42475329 6.42475329 6.42475329 6.42475329
 6.42475329 6.42475329 6.42475329 6.42475329 6.42475329]
  0%|          | 0/100 [00:00<?, ?it/s]  1%|          | 1/100 [01:20<2:12:19, 80.20s/it]  2%|▏         | 2/100 [02:43<2:13:44, 81.88s/it]  3%|▎         | 3/100 [04:06<2:13:08, 82.36s/it]  4%|▍         | 4/100 [05:26<2:10:11, 81.37s/it]  5%|▌         | 5/100 [06:46<2:08:23, 81.09s/it]  6%|▌         | 6/100 [08:08<2:07:22, 81.30s/it]  7%|▋         | 7/100 [09:30<2:06:27, 81.59s/it]  8%|▊         | 8/100 [10:52<2:05:13, 81.66s/it]  9%|▉         | 9/100 [12:14<2:04:16, 81.94s/it]