Namespace(M=1, batch_size=0, burn_in=1000, compare_baseline=0, data_dir='./data', dataset='MNIST', extractor='raw_feature', gpu=4, how_much_retrain=0, lam=1e-06, num_removes=1000, num_steps=10000, paint_unlearning_sigma=1, paint_utility_epsilon=0, paint_utility_s=0, projection=20.0, result_dir='./result', search_batch=0, search_burnin=0, sequential=0, sigma=0.01, train_mode='binary')
Extracted features not found, loading raw features.
number training data:11264
L smooth constant0.261264
m strongly convex:0.011264
M lipschitz constant:1
step size eta:7.655092167309695
RDP constant delta:8.87784090909091e-05
weight projection radius: 20.0
batch size: 0
have shuffled batch idx
working on batch size 32
  0%|          | 0/99 [00:00<?, ?it/s]100%|██████████| 99/99 [00:00<00:00, 2586.24it/s]
batch size: 32sigma: 0.05 k list: [0 1 1 1 1 1 1 1 1 1 1 1 1 1 1 1 1 1 1 1 1 1 1 1 1 1 1 1 1 1 1 1 1 1 1 1 1
 1 1 1 1 1 1 1 1 1 1 1 1 1 1 1 1 1 1 1 1 1 1 1 1 1 1 1 1 1 1 1 1 1 1 1 1 1
 1 1 1 1 1 1 1 1 1 1 1 1 1 1 1 1 1 1 1 1 1 1 1 1 1 1 1] zb list: [5.54865057 5.54865057 5.54865057 5.54865057 5.54865057 5.54865057
 5.54865057 5.54865057 5.54865057 5.54865057 5.54865057 5.54865057
 5.54865057 5.54865057 5.54865057 5.54865057 5.54865057 5.54865057
 5.54865057 5.54865057 5.54865057 5.54865057 5.54865057 5.54865057
 5.54865057 5.54865057 5.54865057 5.54865057 5.54865057 5.54865057
 5.54865057 5.54865057 5.54865057 5.54865057 5.54865057 5.54865057
 5.54865057 5.54865057 5.54865057 5.54865057 5.54865057 5.54865057
 5.54865057 5.54865057 5.54865057 5.54865057 5.54865057 5.54865057
 5.54865057 5.54865057 5.54865057 5.54865057 5.54865057 5.54865057
 5.54865057 5.54865057 5.54865057 5.54865057 5.54865057 5.54865057
 5.54865057 5.54865057 5.54865057 5.54865057 5.54865057 5.54865057
 5.54865057 5.54865057 5.54865057 5.54865057 5.54865057 5.54865057
 5.54865057 5.54865057 5.54865057 5.54865057 5.54865057 5.54865057
 5.54865057 5.54865057 5.54865057 5.54865057 5.54865057 5.54865057
 5.54865057 5.54865057 5.54865057 5.54865057 5.54865057 5.54865057
 5.54865057 5.54865057 5.54865057 5.54865057 5.54865057 5.54865057
 5.54865057 5.54865057 5.54865057 5.54865057 5.54865057]
  0%|          | 0/100 [00:00<?, ?it/s]  1%|          | 1/100 [01:34<2:35:23, 94.18s/it]  2%|▏         | 2/100 [03:04<2:30:03, 91.88s/it]  3%|▎         | 3/100 [04:39<2:30:39, 93.19s/it]  4%|▍         | 4/100 [06:10<2:28:02, 92.53s/it]  5%|▌         | 5/100 [07:39<2:24:18, 91.15s/it]  6%|▌         | 6/100 [09:13<2:24:34, 92.29s/it]  7%|▋         | 7/100 [10:43<2:21:53, 91.54s/it]  8%|▊         | 8/100 [12:16<2:21:01, 91.97s/it]